[2026-04-14T06:22:02.652Z] [IP: ::1] Master Login SUCCESS for emaikwugideon@gmail.com (Local)
[2026-04-14T06:26:52.650Z] [IP: ::1] Master Login SUCCESS for Gideon (Local)
[2026-04-14T06:31:24.080Z] [IP: ::1] Master Login SUCCESS for gideon (Local)
[2026-04-14T06:34:10.144Z] [IP: ::1] Login FAILED for emaikwugideon@gmail.com - Invalid credentials
[2026-04-14T06:34:15.163Z] [IP: ::1] Login FAILED for emaikwugideon@gmail.com - Invalid credentials
[2026-04-14T06:34:15.936Z] [IP: ::1] Login FAILED for emaikwugideon@gmail.com - Invalid credentials
[2026-04-14T18:37:12.708Z] [IP: ::1] Login FAILED for emaikwugideon@gmail.com - Invalid credentials
[2026-04-14T18:37:13.594Z] [IP: ::1] Login FAILED for emaikwugideon@gmail.com - Invalid credentials
[2026-04-14T18:55:31.282Z] [IP: ::1] Generated NEW credentials for emaikwugideon@gmail.com (Locked to IP: ::1)
[2026-04-14T18:59:04.984Z] [IP: ::1] Master Login SUCCESS for master (Local)
[2026-04-14T19:06:19.100Z] [IP: ::1] Master Login SUCCESS for master (Local)
[2026-04-15T05:41:17.557Z] [IP: ::1] Generated NEW credentials for verifiedzedon@gmail.com (Locked to IP: ::1)
[2026-04-15T06:04:20.429Z] [IP: ::1] Generated NEW credentials for emaikwugideon@gmail.com (Locked to IP: ::1)
[2026-04-15T06:06:10.194Z] [IP: ::1] Login SUCCESS for NX-5AS7EM
[2026-04-15T06:48:48.424Z] [IP: ::1] Login FAILED for NEX-7742 - Invalid credentials
[2026-04-15T06:48:49.949Z] [IP: ::1] Login FAILED for NEX-7742 - Invalid credentials
[2026-04-15T06:48:50.733Z] [IP: ::1] Login FAILED for NEX-7742 - Invalid credentials
[2026-04-15T06:48:53.182Z] [IP: ::1] Login FAILED for NEX-7742 - Invalid credentials
[2026-04-15T06:49:08.474Z] [IP: ::1] Login FAILED for NEX-7742 - Invalid credentials
[2026-04-15T06:49:09.215Z] [IP: ::1] Login FAILED for NEX-7742 - Invalid credentials
[2026-04-15T06:49:09.362Z] [IP: ::1] Login FAILED for NEX-7742 - Invalid credentials
[2026-04-15T06:49:09.601Z] [IP: ::1] Login FAILED for NEX-7742 - Invalid credentials
[2026-04-15T06:49:10.489Z] [IP: ::1] Login FAILED for NEX-7742 - Invalid credentials
